-------------start 2018/3/8 22:32:26-------------/services/Shareloginfo.ashx?UserID=1596852599718&ShareUrl=http%3A%2F%2Flocalhost%3A58589%2Fpages%2Findex12.html
Start111
-------------end 2018/3/8 22:32:26-------------
-------------start 2018/3/8 22:32:26-------------/services/Shareloginfo.ashx?UserID=1596852599718&ShareUrl=http%3A%2F%2Flocalhost%3A58589%2Fpages%2Findex12.html

-------------end 2018/3/8 22:32:26-------------
-------------start 2018/3/8 22:32:26-------------/services/Shareloginfo.ashx?UserID=1596852599718&ShareUrl=http%3A%2F%2Flocalhost%3A58589%2Fpages%2Findex12.html

-------------end 2018/3/8 22:32:26-------------
-------------start 2018/3/8 22:33:00-------------/services/Shareloginfo.ashx?UserID=1596852599718&ShareUrl=http%3A%2F%2Flocalhost%3A58589%2Fpages%2Findex12.html
Start111
-------------end 2018/3/8 22:33:00-------------
-------------start 2018/3/8 22:33:00-------------/services/Shareloginfo.ashx?UserID=1596852599718&ShareUrl=http%3A%2F%2Flocalhost%3A58589%2Fpages%2Findex12.html

-------------end 2018/3/8 22:33:00-------------
-------------start 2018/3/8 22:33:00-------------/services/Shareloginfo.ashx?UserID=1596852599718&ShareUrl=http%3A%2F%2Flocalhost%3A58589%2Fpages%2Findex12.html

-------------end 2018/3/8 22:33:00-------------
-------------start 2018/3/8 22:33:46-------------/services/Shareloginfo.ashx?UserID=1596852599718&ShareUrl=http%3A%2F%2Flocalhost%3A58589%2Fpages%2Findex12.html
Start111
-------------end 2018/3/8 22:33:46-------------
-------------start 2018/3/8 22:33:46-------------/services/Shareloginfo.ashx?UserID=1596852599718&ShareUrl=http%3A%2F%2Flocalhost%3A58589%2Fpages%2Findex12.html

-------------end 2018/3/8 22:33:46-------------
-------------start 2018/3/8 22:33:46-------------/services/Shareloginfo.ashx?UserID=1596852599718&ShareUrl=http%3A%2F%2Flocalhost%3A58589%2Fpages%2Findex12.html

-------------end 2018/3/8 22:33:46-------------
-------------start 2018/3/8 22:34:26-------------/services/Shareloginfo.ashx
Start111
-------------end 2018/3/8 22:34:26-------------
-------------start 2018/3/8 22:34:26-------------/services/Shareloginfo.ashx
1596852599718
-------------end 2018/3/8 22:34:26-------------
-------------start 2018/3/8 22:34:26-------------/services/Shareloginfo.ashx
http://localhost:58589/pages/index12.html
-------------end 2018/3/8 22:34:26-------------
-------------start 2018/3/8 22:34:26-------------/services/Shareloginfo.ashx
12
-------------end 2018/3/8 22:34:26-------------
-------------start 2018/3/8 22:34:30-------------/services/Shareloginfo.ashx

-------------end 2018/3/8 22:34:30-------------
-------------start 2018/3/8 22:34:30-------------/services/Shareloginfo.ashx
SaveChanges
-------------end 2018/3/8 22:34:30-------------
-------------start 2018/3/8 22:34:30-------------/services/Shareloginfo.ashx
1596852599718
-------------end 2018/3/8 22:34:30-------------
-------------start 2018/3/8 22:34:30-------------/services/Shareloginfo.ashx
http://localhost:58589/pages/index12.html
-------------end 2018/3/8 22:34:30-------------
-------------start 2018/3/8 22:34:30-------------/services/Shareloginfo.ashx
12
-------------end 2018/3/8 22:34:30-------------
-------------start 2018/3/8 22:34:30-------------/services/Shareloginfo.ashx
CSharpSDK.Models.Pageinexinfo
-------------end 2018/3/8 22:34:30-------------
-------------start 2018/3/8 22:34:30-------------/services/Shareloginfo.ashx
51
-------------end 2018/3/8 22:34:30-------------
-------------start 2018/3/8 22:34:30-------------/services/Shareloginfo.ashx
{"r":"1","d":{"sharenums":51,"sharerequest":2,"shareimages":"images/upload/ac641a6a-0a8e-4b4a-90ef-9fd139843261.jpg"},"m":"数据获取成功"}
-------------end 2018/3/8 22:34:30-------------
-------------start 2018/3/8 22:35:07-------------/services/Shareloginfo.ashx
Start111
-------------end 2018/3/8 22:35:07-------------
-------------start 2018/3/8 22:35:07-------------/services/Shareloginfo.ashx
1596852599718
-------------end 2018/3/8 22:35:07-------------
-------------start 2018/3/8 22:35:07-------------/services/Shareloginfo.ashx
http://localhost:58589/pages/index12.html
-------------end 2018/3/8 22:35:07-------------
-------------start 2018/3/8 22:35:07-------------/services/Shareloginfo.ashx
12
-------------end 2018/3/8 22:35:07-------------
-------------start 2018/3/8 22:35:07-------------/services/Shareloginfo.ashx

-------------end 2018/3/8 22:35:07-------------
-------------start 2018/3/8 22:35:07-------------/services/Shareloginfo.ashx
SaveChanges
-------------end 2018/3/8 22:35:07-------------
-------------start 2018/3/8 22:35:07-------------/services/Shareloginfo.ashx
1596852599718
-------------end 2018/3/8 22:35:07-------------
-------------start 2018/3/8 22:35:07-------------/services/Shareloginfo.ashx
http://localhost:58589/pages/index12.html
-------------end 2018/3/8 22:35:07-------------
-------------start 2018/3/8 22:35:07-------------/services/Shareloginfo.ashx
12
-------------end 2018/3/8 22:35:07-------------
-------------start 2018/3/8 22:35:07-------------/services/Shareloginfo.ashx
CSharpSDK.Models.Pageinexinfo
-------------end 2018/3/8 22:35:07-------------
-------------start 2018/3/8 22:35:07-------------/services/Shareloginfo.ashx
1
-------------end 2018/3/8 22:35:07-------------
-------------start 2018/3/8 22:35:07-------------/services/Shareloginfo.ashx
{"r":"1","d":{"sharenums":1,"sharerequest":2,"shareimages":"images/upload/ac641a6a-0a8e-4b4a-90ef-9fd139843261.jpg"},"m":"数据获取成功"}
-------------end 2018/3/8 22:35:07-------------
-------------start 2018/3/8 22:46:25-------------/services/Shareloginfo.ashx
SaveChanges
-------------end 2018/3/8 22:46:25-------------
-------------start 2018/3/8 22:46:25-------------/services/Shareloginfo.ashx
1596852599718
-------------end 2018/3/8 22:46:25-------------
-------------start 2018/3/8 22:46:25-------------/services/Shareloginfo.ashx
http://localhost:58589/pages/index12.html
-------------end 2018/3/8 22:46:25-------------
-------------start 2018/3/8 22:46:25-------------/services/Shareloginfo.ashx
12
-------------end 2018/3/8 22:46:25-------------
-------------start 2018/3/8 22:46:25-------------/services/Shareloginfo.ashx
CSharpSDK.Models.Pageinexinfo
-------------end 2018/3/8 22:46:25-------------
-------------start 2018/3/8 22:46:25-------------/services/Shareloginfo.ashx
2
-------------end 2018/3/8 22:46:25-------------
-------------start 2018/3/8 22:46:25-------------/services/Shareloginfo.ashx
{"r":"1","d":{"sharenums":2,"sharerequest":2,"shareimages":"images/upload/ac641a6a-0a8e-4b4a-90ef-9fd139843261.jpg"},"m":"数据获取成功"}
-------------end 2018/3/8 22:46:25-------------
